  Ame.cpp
c:\users\alfam\documents\ゲームプログラマー研究作品\アヴェリアブル・ゾンビ関連\アブェリアブル・ゾンビ(プロジェクトver4.3)\kashiwabarayuta\ame.cpp(39): warning C4244: '=': 'int' から 'float' への変換です。データが失われる可能性があります。
c:\users\alfam\documents\ゲームプログラマー研究作品\アヴェリアブル・ゾンビ関連\アブェリアブル・ゾンビ(プロジェクトver4.3)\kashiwabarayuta\ame.cpp(41): warning C4244: '=': 'int' から 'float' への変換です。データが失われる可能性があります。
c:\users\alfam\documents\ゲームプログラマー研究作品\アヴェリアブル・ゾンビ関連\アブェリアブル・ゾンビ(プロジェクトver4.3)\kashiwabarayuta\ame.cpp(45): warning C4244: '引数': 'double' から 'DWORD' への変換です。データが失われる可能性があります。
c:\users\alfam\documents\ゲームプログラマー研究作品\アヴェリアブル・ゾンビ関連\アブェリアブル・ゾンビ(プロジェクトver4.3)\kashiwabarayuta\ame.cpp(117): warning C4244: '=': 'int' から 'float' への変換です。データが失われる可能性があります。
c:\users\alfam\documents\ゲームプログラマー研究作品\アヴェリアブル・ゾンビ関連\アブェリアブル・ゾンビ(プロジェクトver4.3)\kashiwabarayuta\ame.cpp(119): warning C4244: '=': 'int' から 'float' への変換です。データが失われる可能性があります。
c:\users\alfam\documents\ゲームプログラマー研究作品\アヴェリアブル・ゾンビ関連\アブェリアブル・ゾンビ(プロジェクトver4.3)\kashiwabarayuta\ame.cpp(126): warning C4244: '引数': 'double' から 'DWORD' への変換です。データが失われる可能性があります。
  AtariHantei.cpp
c:\users\alfam\documents\ゲームプログラマー研究作品\アヴェリアブル・ゾンビ関連\アブェリアブル・ゾンビ(プロジェクトver4.3)\kashiwabarayuta\atarihantei.cpp(441): warning C4305: '引数': 'double' から 'float' へ切り詰めます。
  Bakuhu.cpp
  Bonbe.cpp
  BoxAtariHantei.cpp
  Camera.cpp
  Enemy.cpp
c:\users\alfam\documents\ゲームプログラマー研究作品\アヴェリアブル・ゾンビ関連\アブェリアブル・ゾンビ(プロジェクトver4.3)\kashiwabarayuta\enemy.cpp(33): warning C4244: '=': 'int' から 'float' への変換です。データが失われる可能性があります。
c:\users\alfam\documents\ゲームプログラマー研究作品\アヴェリアブル・ゾンビ関連\アブェリアブル・ゾンビ(プロジェクトver4.3)\kashiwabarayuta\enemy.cpp(35): warning C4244: '=': 'int' から 'float' への変換です。データが失われる可能性があります。
c:\users\alfam\documents\ゲームプログラマー研究作品\アヴェリアブル・ゾンビ関連\アブェリアブル・ゾンビ(プロジェクトver4.3)\kashiwabarayuta\enemy.cpp(39): warning C4244: '=': 'int' から 'float' への変換です。データが失われる可能性があります。
c:\users\alfam\documents\ゲームプログラマー研究作品\アヴェリアブル・ゾンビ関連\アブェリアブル・ゾンビ(プロジェクトver4.3)\kashiwabarayuta\enemy.cpp(40): warning C4244: '=': 'int' から 'float' への変換です。データが失われる可能性があります。
c:\users\alfam\documents\ゲームプログラマー研究作品\アヴェリアブル・ゾンビ関連\アブェリアブル・ゾンビ(プロジェクトver4.3)\kashiwabarayuta\enemy.cpp(45): warning C4244: '=': 'int' から 'float' への変換です。データが失われる可能性があります。
c:\users\alfam\documents\ゲームプログラマー研究作品\アヴェリアブル・ゾンビ関連\アブェリアブル・ゾンビ(プロジェクトver4.3)\kashiwabarayuta\enemy.cpp(46): warning C4244: '=': 'int' から 'float' への変換です。データが失われる可能性があります。
c:\users\alfam\documents\ゲームプログラマー研究作品\アヴェリアブル・ゾンビ関連\アブェリアブル・ゾンビ(プロジェクトver4.3)\kashiwabarayuta\enemy.cpp(51): warning C4244: '=': 'int' から 'float' への変換です。データが失われる可能性があります。
c:\users\alfam\documents\ゲームプログラマー研究作品\アヴェリアブル・ゾンビ関連\アブェリアブル・ゾンビ(プロジェクトver4.3)\kashiwabarayuta\enemy.cpp(52): warning C4244: '=': 'int' から 'float' への変換です。データが失われる可能性があります。
c:\users\alfam\documents\ゲームプログラマー研究作品\アヴェリアブル・ゾンビ関連\アブェリアブル・ゾンビ(プロジェクトver4.3)\kashiwabarayuta\enemy.cpp(57): warning C4244: '=': 'int' から 'float' への変換です。データが失われる可能性があります。
c:\users\alfam\documents\ゲームプログラマー研究作品\アヴェリアブル・ゾンビ関連\アブェリアブル・ゾンビ(プロジェクトver4.3)\kashiwabarayuta\enemy.cpp(58): warning C4244: '=': 'int' から 'float' への変換です。データが失われる可能性があります。
c:\users\alfam\documents\ゲームプログラマー研究作品\アヴェリアブル・ゾンビ関連\アブェリアブル・ゾンビ(プロジェクトver4.3)\kashiwabarayuta\enemy.cpp(130): warning C4305: '初期化中': 'double' から 'float' へ切り詰めます。
c:\users\alfam\documents\ゲームプログラマー研究作品\アヴェリアブル・ゾンビ関連\アブェリアブル・ゾンビ(プロジェクトver4.3)\kashiwabarayuta\enemy.cpp(232): warning C4244: '=': 'int' から 'float' への変換です。データが失われる可能性があります。
c:\users\alfam\documents\ゲームプログラマー研究作品\アヴェリアブル・ゾンビ関連\アブェリアブル・ゾンビ(プロジェクトver4.3)\kashiwabarayuta\enemy.cpp(234): warning C4244: '=': 'int' から 'float' への変換です。データが失われる可能性があります。
c:\users\alfam\documents\ゲームプログラマー研究作品\アヴェリアブル・ゾンビ関連\アブェリアブル・ゾンビ(プロジェクトver4.3)\kashiwabarayuta\enemy.cpp(238): warning C4244: '=': 'int' から 'float' への変換です。データが失われる可能性があります。
c:\users\alfam\documents\ゲームプログラマー研究作品\アヴェリアブル・ゾンビ関連\アブェリアブル・ゾンビ(プロジェクトver4.3)\kashiwabarayuta\enemy.cpp(239): warning C4244: '=': 'int' から 'float' への変換です。データが失われる可能性があります。
c:\users\alfam\documents\ゲームプログラマー研究作品\アヴェリアブル・ゾンビ関連\アブェリアブル・ゾンビ(プロジェクトver4.3)\kashiwabarayuta\enemy.cpp(244): warning C4244: '=': 'int' から 'float' への変換です。データが失われる可能性があります。
c:\users\alfam\documents\ゲームプログラマー研究作品\アヴェリアブル・ゾンビ関連\アブェリアブル・ゾンビ(プロジェクトver4.3)\kashiwabarayuta\enemy.cpp(245): warning C4244: '=': 'int' から 'float' への変換です。データが失われる可能性があります。
c:\users\alfam\documents\ゲームプログラマー研究作品\アヴェリアブル・ゾンビ関連\アブェリアブル・ゾンビ(プロジェクトver4.3)\kashiwabarayuta\enemy.cpp(250): warning C4244: '=': 'int' から 'float' への変換です。データが失われる可能性があります。
c:\users\alfam\documents\ゲームプログラマー研究作品\アヴェリアブル・ゾンビ関連\アブェリアブル・ゾンビ(プロジェクトver4.3)\kashiwabarayuta\enemy.cpp(251): warning C4244: '=': 'int' から 'float' への変換です。データが失われる可能性があります。
c:\users\alfam\documents\ゲームプログラマー研究作品\アヴェリアブル・ゾンビ関連\アブェリアブル・ゾンビ(プロジェクトver4.3)\kashiwabarayuta\enemy.cpp(256): warning C4244: '=': 'int' から 'float' への変換です。データが失われる可能性があります。
c:\users\alfam\documents\ゲームプログラマー研究作品\アヴェリアブル・ゾンビ関連\アブェリアブル・ゾンビ(プロジェクトver4.3)\kashiwabarayuta\enemy.cpp(257): warning C4244: '=': 'int' から 'float' への変換です。データが失われる可能性があります。
  EnemyHPgage.cpp
  EnemyKage.cpp
  Field.cpp
  Ie.cpp
  imgui.cpp
  imgui_draw.cpp
  imgui_impl_dx9.cpp
  input.cpp
  Item.cpp
c:\users\alfam\documents\ゲームプログラマー研究作品\アヴェリアブル・ゾンビ関連\アブェリアブル・ゾンビ(プロジェクトver4.3)\kashiwabarayuta\item.cpp(35): warning C4244: '=': 'int' から 'float' への変換です。データが失われる可能性があります。
c:\users\alfam\documents\ゲームプログラマー研究作品\アヴェリアブル・ゾンビ関連\アブェリアブル・ゾンビ(プロジェクトver4.3)\kashiwabarayuta\item.cpp(37): warning C4244: '=': 'int' から 'float' への変換です。データが失われる可能性があります。
c:\users\alfam\documents\ゲームプログラマー研究作品\アヴェリアブル・ゾンビ関連\アブェリアブル・ゾンビ(プロジェクトver4.3)\kashiwabarayuta\item.cpp(41): warning C4244: '=': 'int' から 'float' への変換です。データが失われる可能性があります。
c:\users\alfam\documents\ゲームプログラマー研究作品\アヴェリアブル・ゾンビ関連\アブェリアブル・ゾンビ(プロジェクトver4.3)\kashiwabarayuta\item.cpp(42): warning C4244: '=': 'int' から 'float' への変換です。データが失われる可能性があります。
c:\users\alfam\documents\ゲームプログラマー研究作品\アヴェリアブル・ゾンビ関連\アブェリアブル・ゾンビ(プロジェクトver4.3)\kashiwabarayuta\item.cpp(47): warning C4244: '=': 'int' から 'float' への変換です。データが失われる可能性があります。
c:\users\alfam\documents\ゲームプログラマー研究作品\アヴェリアブル・ゾンビ関連\アブェリアブル・ゾンビ(プロジェクトver4.3)\kashiwabarayuta\item.cpp(48): warning C4244: '=': 'int' から 'float' への変換です。データが失われる可能性があります。
c:\users\alfam\documents\ゲームプログラマー研究作品\アヴェリアブル・ゾンビ関連\アブェリアブル・ゾンビ(プロジェクトver4.3)\kashiwabarayuta\item.cpp(53): warning C4244: '=': 'int' から 'float' への変換です。データが失われる可能性があります。
c:\users\alfam\documents\ゲームプログラマー研究作品\アヴェリアブル・ゾンビ関連\アブェリアブル・ゾンビ(プロジェクトver4.3)\kashiwabarayuta\item.cpp(58): warning C4244: '=': 'int' から 'float' への変換です。データが失われる可能性があります。
c:\users\alfam\documents\ゲームプログラマー研究作品\アヴェリアブル・ゾンビ関連\アブェリアブル・ゾンビ(プロジェクトver4.3)\kashiwabarayuta\item.cpp(178): warning C4244: '=': 'int' から 'float' への変換です。データが失われる可能性があります。
c:\users\alfam\documents\ゲームプログラマー研究作品\アヴェリアブル・ゾンビ関連\アブェリアブル・ゾンビ(プロジェクトver4.3)\kashiwabarayuta\item.cpp(180): warning C4244: '=': 'int' から 'float' への変換です。データが失われる可能性があります。
c:\users\alfam\documents\ゲームプログラマー研究作品\アヴェリアブル・ゾンビ関連\アブェリアブル・ゾンビ(プロジェクトver4.3)\kashiwabarayuta\item.cpp(184): warning C4244: '=': 'int' から 'float' への変換です。データが失われる可能性があります。
c:\users\alfam\documents\ゲームプログラマー研究作品\アヴェリアブル・ゾンビ関連\アブェリアブル・ゾンビ(プロジェクトver4.3)\kashiwabarayuta\item.cpp(185): warning C4244: '=': 'int' から 'float' への変換です。データが失われる可能性があります。
c:\users\alfam\documents\ゲームプログラマー研究作品\アヴェリアブル・ゾンビ関連\アブェリアブル・ゾンビ(プロジェクトver4.3)\kashiwabarayuta\item.cpp(190): warning C4244: '=': 'int' から 'float' への変換です。データが失われる可能性があります。
c:\users\alfam\documents\ゲームプログラマー研究作品\アヴェリアブル・ゾンビ関連\アブェリアブル・ゾンビ(プロジェクトver4.3)\kashiwabarayuta\item.cpp(191): warning C4244: '=': 'int' から 'float' への変換です。データが失われる可能性があります。
c:\users\alfam\documents\ゲームプログラマー研究作品\アヴェリアブル・ゾンビ関連\アブェリアブル・ゾンビ(プロジェクトver4.3)\kashiwabarayuta\item.cpp(196): warning C4244: '=': 'int' から 'float' への変換です。データが失われる可能性があります。
c:\users\alfam\documents\ゲームプログラマー研究作品\アヴェリアブル・ゾンビ関連\アブェリアブル・ゾンビ(プロジェクトver4.3)\kashiwabarayuta\item.cpp(201): warning C4244: '=': 'int' から 'float' への変換です。データが失われる可能性があります。
  ItemMarker.cpp
  Kusa.cpp
c:\users\alfam\documents\ゲームプログラマー研究作品\アヴェリアブル・ゾンビ関連\アブェリアブル・ゾンビ(プロジェクトver4.3)\kashiwabarayuta\kusa.cpp(92): warning C4244: '=': 'int' から 'float' への変換です。データが失われる可能性があります。
c:\users\alfam\documents\ゲームプログラマー研究作品\アヴェリアブル・ゾンビ関連\アブェリアブル・ゾンビ(プロジェクトver4.3)\kashiwabarayuta\kusa.cpp(93): warning C4305: '=': 'double' から 'float' へ切り詰めます。
c:\users\alfam\documents\ゲームプログラマー研究作品\アヴェリアブル・ゾンビ関連\アブェリアブル・ゾンビ(プロジェクトver4.3)\kashiwabarayuta\kusa.cpp(94): warning C4244: '=': 'int' から 'float' への変換です。データが失われる可能性があります。
c:\users\alfam\documents\ゲームプログラマー研究作品\アヴェリアブル・ゾンビ関連\アブェリアブル・ゾンビ(プロジェクトver4.3)\kashiwabarayuta\kusa.cpp(98): warning C4244: '=': 'int' から 'float' への変換です。データが失われる可能性があります。
c:\users\alfam\documents\ゲームプログラマー研究作品\アヴェリアブル・ゾンビ関連\アブェリアブル・ゾンビ(プロジェクトver4.3)\kashiwabarayuta\kusa.cpp(99): warning C4244: '=': 'int' から 'float' への変換です。データが失われる可能性があります。
c:\users\alfam\documents\ゲームプログラマー研究作品\アヴェリアブル・ゾンビ関連\アブェリアブル・ゾンビ(プロジェクトver4.3)\kashiwabarayuta\kusa.cpp(104): warning C4244: '=': 'int' から 'float' への変換です。データが失われる可能性があります。
c:\users\alfam\documents\ゲームプログラマー研究作品\アヴェリアブル・ゾンビ関連\アブェリアブル・ゾンビ(プロジェクトver4.3)\kashiwabarayuta\kusa.cpp(105): warning C4244: '=': 'int' から 'float' への変換です。データが失われる可能性があります。
c:\users\alfam\documents\ゲームプログラマー研究作品\アヴェリアブル・ゾンビ関連\アブェリアブル・ゾンビ(プロジェクトver4.3)\kashiwabarayuta\kusa.cpp(110): warning C4244: '=': 'int' から 'float' への変換です。データが失われる可能性があります。
c:\users\alfam\documents\ゲームプログラマー研究作品\アヴェリアブル・ゾンビ関連\アブェリアブル・ゾンビ(プロジェクトver4.3)\kashiwabarayuta\kusa.cpp(111): warning C4244: '=': 'int' から 'float' への変換です。データが失われる可能性があります。
c:\users\alfam\documents\ゲームプログラマー研究作品\アヴェリアブル・ゾンビ関連\アブェリアブル・ゾンビ(プロジェクトver4.3)\kashiwabarayuta\kusa.cpp(114): warning C4244: '=': 'int' から 'float' への変換です。データが失われる可能性があります。
c:\users\alfam\documents\ゲームプログラマー研究作品\アヴェリアブル・ゾンビ関連\アブェリアブル・ゾンビ(プロジェクトver4.3)\kashiwabarayuta\kusa.cpp(193): warning C4244: '=': 'int' から 'float' への変換です。データが失われる可能性があります。
c:\users\alfam\documents\ゲームプログラマー研究作品\アヴェリアブル・ゾンビ関連\アブェリアブル・ゾンビ(プロジェクトver4.3)\kashiwabarayuta\kusa.cpp(194): warning C4305: '=': 'double' から 'float' へ切り詰めます。
c:\users\alfam\documents\ゲームプログラマー研究作品\アヴェリアブル・ゾンビ関連\アブェリアブル・ゾンビ(プロジェクトver4.3)\kashiwabarayuta\kusa.cpp(195): warning C4244: '=': 'int' から 'float' への変換です。データが失われる可能性があります。
c:\users\alfam\documents\ゲームプログラマー研究作品\アヴェリアブル・ゾンビ関連\アブェリアブル・ゾンビ(プロジェクトver4.3)\kashiwabarayuta\kusa.cpp(199): warning C4244: '=': 'int' から 'float' への変換です。データが失われる可能性があります。
c:\users\alfam\documents\ゲームプログラマー研究作品\アヴェリアブル・ゾンビ関連\アブェリアブル・ゾンビ(プロジェクトver4.3)\kashiwabarayuta\kusa.cpp(200): warning C4244: '=': 'int' から 'float' への変換です。データが失われる可能性があります。
c:\users\alfam\documents\ゲームプログラマー研究作品\アヴェリアブル・ゾンビ関連\アブェリアブル・ゾンビ(プロジェクトver4.3)\kashiwabarayuta\kusa.cpp(205): warning C4244: '=': 'int' から 'float' への変換です。データが失われる可能性があります。
c:\users\alfam\documents\ゲームプログラマー研究作品\アヴェリアブル・ゾンビ関連\アブェリアブル・ゾンビ(プロジェクトver4.3)\kashiwabarayuta\kusa.cpp(206): warning C4244: '=': 'int' から 'float' への変換です。データが失われる可能性があります。
c:\users\alfam\documents\ゲームプログラマー研究作品\アヴェリアブル・ゾンビ関連\アブェリアブル・ゾンビ(プロジェクトver4.3)\kashiwabarayuta\kusa.cpp(211): warning C4244: '=': 'int' から 'float' への変換です。データが失われる可能性があります。
c:\users\alfam\documents\ゲームプログラマー研究作品\アヴェリアブル・ゾンビ関連\アブェリアブル・ゾンビ(プロジェクトver4.3)\kashiwabarayuta\kusa.cpp(212): warning C4244: '=': 'int' から 'float' への変換です。データが失われる可能性があります。
c:\users\alfam\documents\ゲームプログラマー研究作品\アヴェリアブル・ゾンビ関連\アブェリアブル・ゾンビ(プロジェクトver4.3)\kashiwabarayuta\kusa.cpp(215): warning C4244: '=': 'int' から 'float' への変換です。データが失われる可能性があります。
c:\users\alfam\documents\ゲームプログラマー研究作品\アヴェリアブル・ゾンビ関連\アブェリアブル・ゾンビ(プロジェクトver4.3)\kashiwabarayuta\kusa.cpp(294): warning C4244: '=': 'int' から 'float' への変換です。データが失われる可能性があります。
c:\users\alfam\documents\ゲームプログラマー研究作品\アヴェリアブル・ゾンビ関連\アブェリアブル・ゾンビ(プロジェクトver4.3)\kashiwabarayuta\kusa.cpp(295): warning C4305: '=': 'double' から 'float' へ切り詰めます。
c:\users\alfam\documents\ゲームプログラマー研究作品\アヴェリアブル・ゾンビ関連\アブェリアブル・ゾンビ(プロジェクトver4.3)\kashiwabarayuta\kusa.cpp(296): warning C4244: '=': 'int' から 'float' への変換です。データが失われる可能性があります。
c:\users\alfam\documents\ゲームプログラマー研究作品\アヴェリアブル・ゾンビ関連\アブェリアブル・ゾンビ(プロジェクトver4.3)\kashiwabarayuta\kusa.cpp(300): warning C4244: '=': 'int' から 'float' への変換です。データが失われる可能性があります。
c:\users\alfam\documents\ゲームプログラマー研究作品\アヴェリアブル・ゾンビ関連\アブェリアブル・ゾンビ(プロジェクトver4.3)\kashiwabarayuta\kusa.cpp(301): warning C4244: '=': 'int' から 'float' への変換です。データが失われる可能性があります。
c:\users\alfam\documents\ゲームプログラマー研究作品\アヴェリアブル・ゾンビ関連\アブェリアブル・ゾンビ(プロジェクトver4.3)\kashiwabarayuta\kusa.cpp(306): warning C4244: '=': 'int' から 'float' への変換です。データが失われる可能性があります。
c:\users\alfam\documents\ゲームプログラマー研究作品\アヴェリアブル・ゾンビ関連\アブェリアブル・ゾンビ(プロジェクトver4.3)\kashiwabarayuta\kusa.cpp(307): warning C4244: '=': 'int' から 'float' への変換です。データが失われる可能性があります。
c:\users\alfam\documents\ゲームプログラマー研究作品\アヴェリアブル・ゾンビ関連\アブェリアブル・ゾンビ(プロジェクトver4.3)\kashiwabarayuta\kusa.cpp(312): warning C4244: '=': 'int' から 'float' への変換です。データが失われる可能性があります。
c:\users\alfam\documents\ゲームプログラマー研究作品\アヴェリアブル・ゾンビ関連\アブェリアブル・ゾンビ(プロジェクトver4.3)\kashiwabarayuta\kusa.cpp(313): warning C4244: '=': 'int' から 'float' への変換です。データが失われる可能性があります。
c:\users\alfam\documents\ゲームプログラマー研究作品\アヴェリアブル・ゾンビ関連\アブェリアブル・ゾンビ(プロジェクトver4.3)\kashiwabarayuta\kusa.cpp(316): warning C4244: '=': 'int' から 'float' への変換です。データが失われる可能性があります。
c:\users\alfam\documents\ゲームプログラマー研究作品\アヴェリアブル・ゾンビ関連\アブェリアブル・ゾンビ(プロジェクトver4.3)\kashiwabarayuta\kusa.cpp(398): warning C4244: '=': 'int' から 'float' への変換です。データが失われる可能性があります。
c:\users\alfam\documents\ゲームプログラマー研究作品\アヴェリアブル・ゾンビ関連\アブェリアブル・ゾンビ(プロジェクトver4.3)\kashiwabarayuta\kusa.cpp(400): warning C4244: '=': 'int' から 'float' への変換です。データが失われる可能性があります。
c:\users\alfam\documents\ゲームプログラマー研究作品\アヴェリアブル・ゾンビ関連\アブェリアブル・ゾンビ(プロジェクトver4.3)\kashiwabarayuta\kusa.cpp(404): warning C4244: '=': 'int' から 'float' への変換です。データが失われる可能性があります。
c:\users\alfam\documents\ゲームプログラマー研究作品\アヴェリアブル・ゾンビ関連\アブェリアブル・ゾンビ(プロジェクトver4.3)\kashiwabarayuta\kusa.cpp(405): warning C4244: '=': 'int' から 'float' への変換です。データが失われる可能性があります。
c:\users\alfam\documents\ゲームプログラマー研究作品\アヴェリアブル・ゾンビ関連\アブェリアブル・ゾンビ(プロジェクトver4.3)\kashiwabarayuta\kusa.cpp(410): warning C4244: '=': 'int' から 'float' への変換です。データが失われる可能性があります。
c:\users\alfam\documents\ゲームプログラマー研究作品\アヴェリアブル・ゾンビ関連\アブェリアブル・ゾンビ(プロジェクトver4.3)\kashiwabarayuta\kusa.cpp(411): warning C4244: '=': 'int' から 'float' への変換です。データが失われる可能性があります。
c:\users\alfam\documents\ゲームプログラマー研究作品\アヴェリアブル・ゾンビ関連\アブェリアブル・ゾンビ(プロジェクトver4.3)\kashiwabarayuta\kusa.cpp(416): warning C4244: '=': 'int' から 'float' への変換です。データが失われる可能性があります。
c:\users\alfam\documents\ゲームプログラマー研究作品\アヴェリアブル・ゾンビ関連\アブェリアブル・ゾンビ(プロジェクトver4.3)\kashiwabarayuta\kusa.cpp(417): warning C4244: '=': 'int' から 'float' への変換です。データが失われる可能性があります。
c:\users\alfam\documents\ゲームプログラマー研究作品\アヴェリアブル・ゾンビ関連\アブェリアブル・ゾンビ(プロジェクトver4.3)\kashiwabarayuta\kusa.cpp(420): warning C4244: '=': 'int' から 'float' への変換です。データが失われる可能性があります。
  Main.cpp
  Manager.cpp
  コンパイル中...
  Player.cpp
  PlayerKage.cpp
  RecoveryItem.cpp
c:\users\alfam\documents\ゲームプログラマー研究作品\アヴェリアブル・ゾンビ関連\アブェリアブル・ゾンビ(プロジェクトver4.3)\kashiwabarayuta\recoveryitem.cpp(33): warning C4244: '=': 'int' から 'float' への変換です。データが失われる可能性があります。
c:\users\alfam\documents\ゲームプログラマー研究作品\アヴェリアブル・ゾンビ関連\アブェリアブル・ゾンビ(プロジェクトver4.3)\kashiwabarayuta\recoveryitem.cpp(35): warning C4244: '=': 'int' から 'float' への変換です。データが失われる可能性があります。
c:\users\alfam\documents\ゲームプログラマー研究作品\アヴェリアブル・ゾンビ関連\アブェリアブル・ゾンビ(プロジェクトver4.3)\kashiwabarayuta\recoveryitem.cpp(39): warning C4244: '=': 'int' から 'float' への変換です。データが失われる可能性があります。
c:\users\alfam\documents\ゲームプログラマー研究作品\アヴェリアブル・ゾンビ関連\アブェリアブル・ゾンビ(プロジェクトver4.3)\kashiwabarayuta\recoveryitem.cpp(40): warning C4244: '=': 'int' から 'float' への変換です。データが失われる可能性があります。
c:\users\alfam\documents\ゲームプログラマー研究作品\アヴェリアブル・ゾンビ関連\アブェリアブル・ゾンビ(プロジェクトver4.3)\kashiwabarayuta\recoveryitem.cpp(45): warning C4244: '=': 'int' から 'float' への変換です。データが失われる可能性があります。
c:\users\alfam\documents\ゲームプログラマー研究作品\アヴェリアブル・ゾンビ関連\アブェリアブル・ゾンビ(プロジェクトver4.3)\kashiwabarayuta\recoveryitem.cpp(46): warning C4244: '=': 'int' から 'float' への変換です。データが失われる可能性があります。
c:\users\alfam\documents\ゲームプログラマー研究作品\アヴェリアブル・ゾンビ関連\アブェリアブル・ゾンビ(プロジェクトver4.3)\kashiwabarayuta\recoveryitem.cpp(51): warning C4244: '=': 'int' から 'float' への変換です。データが失われる可能性があります。
c:\users\alfam\documents\ゲームプログラマー研究作品\アヴェリアブル・ゾンビ関連\アブェリアブル・ゾンビ(プロジェクトver4.3)\kashiwabarayuta\recoveryitem.cpp(56): warning C4244: '=': 'int' から 'float' への変換です。データが失われる可能性があります。
c:\users\alfam\documents\ゲームプログラマー研究作品\アヴェリアブル・ゾンビ関連\アブェリアブル・ゾンビ(プロジェクトver4.3)\kashiwabarayuta\recoveryitem.cpp(176): warning C4244: '=': 'int' から 'float' への変換です。データが失われる可能性があります。
c:\users\alfam\documents\ゲームプログラマー研究作品\アヴェリアブル・ゾンビ関連\アブェリアブル・ゾンビ(プロジェクトver4.3)\kashiwabarayuta\recoveryitem.cpp(178): warning C4244: '=': 'int' から 'float' への変換です。データが失われる可能性があります。
c:\users\alfam\documents\ゲームプログラマー研究作品\アヴェリアブル・ゾンビ関連\アブェリアブル・ゾンビ(プロジェクトver4.3)\kashiwabarayuta\recoveryitem.cpp(182): warning C4244: '=': 'int' から 'float' への変換です。データが失われる可能性があります。
c:\users\alfam\documents\ゲームプログラマー研究作品\アヴェリアブル・ゾンビ関連\アブェリアブル・ゾンビ(プロジェクトver4.3)\kashiwabarayuta\recoveryitem.cpp(183): warning C4244: '=': 'int' から 'float' への変換です。データが失われる可能性があります。
c:\users\alfam\documents\ゲームプログラマー研究作品\アヴェリアブル・ゾンビ関連\アブェリアブル・ゾンビ(プロジェクトver4.3)\kashiwabarayuta\recoveryitem.cpp(188): warning C4244: '=': 'int' から 'float' への変換です。データが失われる可能性があります。
c:\users\alfam\documents\ゲームプログラマー研究作品\アヴェリアブル・ゾンビ関連\アブェリアブル・ゾンビ(プロジェクトver4.3)\kashiwabarayuta\recoveryitem.cpp(189): warning C4244: '=': 'int' から 'float' への変換です。データが失われる可能性があります。
c:\users\alfam\documents\ゲームプログラマー研究作品\アヴェリアブル・ゾンビ関連\アブェリアブル・ゾンビ(プロジェクトver4.3)\kashiwabarayuta\recoveryitem.cpp(194): warning C4244: '=': 'int' から 'float' への変換です。データが失われる可能性があります。
c:\users\alfam\documents\ゲームプログラマー研究作品\アヴェリアブル・ゾンビ関連\アブェリアブル・ゾンビ(プロジェクトver4.3)\kashiwabarayuta\recoveryitem.cpp(199): warning C4244: '=': 'int' から 'float' への変換です。データが失われる可能性があります。
  RecoveryItemMarker.cpp
  Renderer.cpp
  Shot.cpp
  sound.cpp
  UAV.cpp
  UI.cpp
  Zirai.cpp
  Zombie.cpp
c:\users\alfam\documents\ゲームプログラマー研究作品\アヴェリアブル・ゾンビ関連\アブェリアブル・ゾンビ(プロジェクトver4.3)\kashiwabarayuta\zombie.cpp(42): warning C4244: '=': 'int' から 'float' への変換です。データが失われる可能性があります。
c:\users\alfam\documents\ゲームプログラマー研究作品\アヴェリアブル・ゾンビ関連\アブェリアブル・ゾンビ(プロジェクトver4.3)\kashiwabarayuta\zombie.cpp(44): warning C4244: '=': 'int' から 'float' への変換です。データが失われる可能性があります。
c:\users\alfam\documents\ゲームプログラマー研究作品\アヴェリアブル・ゾンビ関連\アブェリアブル・ゾンビ(プロジェクトver4.3)\kashiwabarayuta\zombie.cpp(48): warning C4244: '=': 'int' から 'float' への変換です。データが失われる可能性があります。
c:\users\alfam\documents\ゲームプログラマー研究作品\アヴェリアブル・ゾンビ関連\アブェリアブル・ゾンビ(プロジェクトver4.3)\kashiwabarayuta\zombie.cpp(49): warning C4244: '=': 'int' から 'float' への変換です。データが失われる可能性があります。
c:\users\alfam\documents\ゲームプログラマー研究作品\アヴェリアブル・ゾンビ関連\アブェリアブル・ゾンビ(プロジェクトver4.3)\kashiwabarayuta\zombie.cpp(54): warning C4244: '=': 'int' から 'float' への変換です。データが失われる可能性があります。
c:\users\alfam\documents\ゲームプログラマー研究作品\アヴェリアブル・ゾンビ関連\アブェリアブル・ゾンビ(プロジェクトver4.3)\kashiwabarayuta\zombie.cpp(55): warning C4244: '=': 'int' から 'float' への変換です。データが失われる可能性があります。
c:\users\alfam\documents\ゲームプログラマー研究作品\アヴェリアブル・ゾンビ関連\アブェリアブル・ゾンビ(プロジェクトver4.3)\kashiwabarayuta\zombie.cpp(60): warning C4244: '=': 'int' から 'float' への変換です。データが失われる可能性があります。
c:\users\alfam\documents\ゲームプログラマー研究作品\アヴェリアブル・ゾンビ関連\アブェリアブル・ゾンビ(プロジェクトver4.3)\kashiwabarayuta\zombie.cpp(61): warning C4244: '=': 'int' から 'float' への変換です。データが失われる可能性があります。
c:\users\alfam\documents\ゲームプログラマー研究作品\アヴェリアブル・ゾンビ関連\アブェリアブル・ゾンビ(プロジェクトver4.3)\kashiwabarayuta\zombie.cpp(66): warning C4244: '=': 'int' から 'float' への変換です。データが失われる可能性があります。
c:\users\alfam\documents\ゲームプログラマー研究作品\アヴェリアブル・ゾンビ関連\アブェリアブル・ゾンビ(プロジェクトver4.3)\kashiwabarayuta\zombie.cpp(67): warning C4244: '=': 'int' から 'float' への変換です。データが失われる可能性があります。
c:\users\alfam\documents\ゲームプログラマー研究作品\アヴェリアブル・ゾンビ関連\アブェリアブル・ゾンビ(プロジェクトver4.3)\kashiwabarayuta\zombie.cpp(315): warning C4244: '=': 'int' から 'float' への変換です。データが失われる可能性があります。
c:\users\alfam\documents\ゲームプログラマー研究作品\アヴェリアブル・ゾンビ関連\アブェリアブル・ゾンビ(プロジェクトver4.3)\kashiwabarayuta\zombie.cpp(317): warning C4244: '=': 'int' から 'float' への変換です。データが失われる可能性があります。
c:\users\alfam\documents\ゲームプログラマー研究作品\アヴェリアブル・ゾンビ関連\アブェリアブル・ゾンビ(プロジェクトver4.3)\kashiwabarayuta\zombie.cpp(321): warning C4244: '=': 'int' から 'float' への変換です。データが失われる可能性があります。
c:\users\alfam\documents\ゲームプログラマー研究作品\アヴェリアブル・ゾンビ関連\アブェリアブル・ゾンビ(プロジェクトver4.3)\kashiwabarayuta\zombie.cpp(322): warning C4244: '=': 'int' から 'float' への変換です。データが失われる可能性があります。
c:\users\alfam\documents\ゲームプログラマー研究作品\アヴェリアブル・ゾンビ関連\アブェリアブル・ゾンビ(プロジェクトver4.3)\kashiwabarayuta\zombie.cpp(327): warning C4244: '=': 'int' から 'float' への変換です。データが失われる可能性があります。
c:\users\alfam\documents\ゲームプログラマー研究作品\アヴェリアブル・ゾンビ関連\アブェリアブル・ゾンビ(プロジェクトver4.3)\kashiwabarayuta\zombie.cpp(328): warning C4244: '=': 'int' から 'float' への変換です。データが失われる可能性があります。
c:\users\alfam\documents\ゲームプログラマー研究作品\アヴェリアブル・ゾンビ関連\アブェリアブル・ゾンビ(プロジェクトver4.3)\kashiwabarayuta\zombie.cpp(333): warning C4244: '=': 'int' から 'float' への変換です。データが失われる可能性があります。
c:\users\alfam\documents\ゲームプログラマー研究作品\アヴェリアブル・ゾンビ関連\アブェリアブル・ゾンビ(プロジェクトver4.3)\kashiwabarayuta\zombie.cpp(334): warning C4244: '=': 'int' から 'float' への変換です。データが失われる可能性があります。
c:\users\alfam\documents\ゲームプログラマー研究作品\アヴェリアブル・ゾンビ関連\アブェリアブル・ゾンビ(プロジェクトver4.3)\kashiwabarayuta\zombie.cpp(339): warning C4244: '=': 'int' から 'float' への変換です。データが失われる可能性があります。
c:\users\alfam\documents\ゲームプログラマー研究作品\アヴェリアブル・ゾンビ関連\アブェリアブル・ゾンビ(プロジェクトver4.3)\kashiwabarayuta\zombie.cpp(340): warning C4244: '=': 'int' から 'float' への変換です。データが失われる可能性があります。
  ZombieHPgage.cpp
  ZombieKage.cpp
  コード生成しています。
  484 of 486 functions (99.6%) were compiled, the rest were copied from previous compilation.
    4 functions were new in current compilation
    0 functions had inline decision re-evaluated but remain unchanged
  コード生成が終了しました。
  KashiwabaraYuta.vcxproj -> C:\Users\alfam\Documents\ゲームプログラマー研究作品\アヴェリアブル・ゾンビ関連\アブェリアブル・ゾンビ(プロジェクトver4.3)\Release\KashiwabaraYuta.exe
